<?xml version="1.0" encoding="UTF-8"?>
<testng-results skipped="0" failed="0" ignored="0" total="1" passed="1">
  <reporter-output>
  </reporter-output>
  <suite name="Default suite" duration-ms="979" started-at="2024-01-18T13:32:07 IST" finished-at="2024-01-18T13:32:08 IST">
    <groups>
    </groups>
    <test name="Default test" duration-ms="979" started-at="2024-01-18T13:32:07 IST" finished-at="2024-01-18T13:32:08 IST">
      <class name="Tests.RegistrationTest">
        <test-method status="PASS" signature="initObj()[pri:0, instance:Tests.RegistrationTest@544a2ea6]" name="initObj" is-config="true" duration-ms="41169" started-at="2024-01-18T13:31:26 IST" finished-at="2024-01-18T13:32:07 IST">
          <reporter-output>
          </reporter-output>
        </test-method> <!-- initObj -->
        <test-method status="PASS" signature="register()[pri:0, instance:Tests.RegistrationTest@544a2ea6]" name="register" duration-ms="862" started-at="2024-01-18T13:32:07 IST" finished-at="2024-01-18T13:32:08 IST">
          <reporter-output>
          </reporter-output>
        </test-method> <!-- register -->
      </class> <!-- Tests.RegistrationTest -->
    </test> <!-- Default test -->
  </suite> <!-- Default suite -->
</testng-results>
